<?xml version="1.0" encoding="UTF-8"?>
<!-- Generated by org.testng.reporters.JUnitReportReporter -->
<testsuite hostname="DESKTOP-TVSUR7N" failures="0" tests="1" name="testscripts.SubCategoriesTest" time="12.900" errors="0" timestamp="2025-04-06T19:34:19 GMT-07:00" skipped="0">
  <testcase classname="testscripts.SubCategoriesTest" name="verifyWhetherAbleToAddNewSubCategory" time="12.900"/>
</testsuite> <!-- testscripts.SubCategoriesTest -->
