<?xml version="1.0" encoding="UTF-8"?>
<!-- Generated by org.testng.reporters.JUnitReportReporter -->
<testsuite hostname="DESKTOP-TVSUR7N" failures="0" tests="1" name="testscript.LoginTest" time="27.245" errors="0" timestamp="2025-03-19T19:06:12 GMT-07:00" skipped="0">
  <testcase classname="testscript.LoginTest" name="verifyWhetherUserIsAbleToLoginUsingValidCredentials" time="27.245"/>
</testsuite> <!-- testscript.LoginTest -->
