<?xml version="1.0" encoding="UTF-8"?>
<!-- Generated by org.testng.reporters.JUnitReportReporter -->
<testsuite hostname="DESKTOP-TVSUR7N" failures="0" tests="4" name="testscripts.LoginTest" time="59.570" errors="0" timestamp="2025-04-07T19:19:00 GMT-07:00" skipped="0">
  <testcase classname="testscripts.LoginTest" name="verifyWhetherUserIsAbleToLoginUsingValidCredentials" time="14.430"/>
  <testcase classname="testscripts.LoginTest" name="verifyWhetherErrorMessageIsVisibleForInvalidCredentials" time="13.369"/>
  <testcase classname="testscripts.LoginTest" name="verifyWhetherUserIsAbleToLoginUsingValidCredentials" time="15.974"/>
  <testcase classname="testscripts.LoginTest" name="verifyWhetherErrorMessageIsVisibleForInvalidCredentials" time="15.797"/>
</testsuite> <!-- testscripts.LoginTest -->
