<?xml version="1.0" encoding="UTF-8"?>
<!-- Generated by org.testng.reporters.JUnitReportReporter -->
<testsuite hostname="DESKTOP-TVSUR7N" failures="0" tests="3" name="testscripts.AdminUserTest" time="26.038" errors="0" timestamp="2025-04-08T07:40:27 GMT-07:00" skipped="0">
  <testcase classname="testscripts.AdminUserTest" name="verifyWhetherAdminisAbletoAddUsers" time="7.297"/>
  <testcase classname="testscripts.AdminUserTest" name="verifyWhetherAdminisAbletoAddUsers" time="10.821"/>
  <testcase classname="testscripts.AdminUserTest" name="verifyWhetherAdminisAbletoAddUsers" time="7.920"/>
</testsuite> <!-- testscripts.AdminUserTest -->
