<?xml version="1.0" encoding="UTF-8"?>
<!-- Generated by org.testng.reporters.JUnitReportReporter -->
<testsuite hostname="DESKTOP-TVSUR7N" failures="0" tests="1" name="testscripts.HomeTest" time="8.508" errors="0" timestamp="2025-04-07T19:10:45 GMT-07:00" skipped="0">
  <testcase classname="testscripts.HomeTest" name="validateWhetherImageIsDisplayed" time="8.508"/>
</testsuite> <!-- testscripts.HomeTest -->
