<?xml version="1.0" encoding="UTF-8"?>
<!-- Generated by org.testng.reporters.JUnitReportReporter -->
<testsuite hostname="DESKTOP-TVSUR7N" failures="0" tests="1" name="testscripts.AdminUserTest" time="28.334" errors="0" timestamp="2025-04-02T19:08:11 GMT-07:00" skipped="0">
  <testcase classname="testscripts.AdminUserTest" name="verifyActiveButtonIsDisplayed" time="28.334"/>
</testsuite> <!-- testscripts.AdminUserTest -->
