<?xml version="1.0" encoding="UTF-8"?>
<!-- Generated by org.testng.reporters.JUnitReportReporter -->
<testsuite hostname="DESKTOP-TVSUR7N" failures="0" tests="1" name="testscripts.AdminUserTest" time="7.996" errors="0" timestamp="2025-04-07T19:36:07 GMT-07:00" skipped="0">
  <testcase classname="testscripts.AdminUserTest" name="verifyActiveButtonIsDisplayed" time="7.996"/>
</testsuite> <!-- testscripts.AdminUserTest -->
